Arguments: 
  /usr/local/bin/node /usr/local/bin/yarn add my-awesome-tsconfig -D

PATH: 
  /Users/ducan/bin:/usr/local/bin:/usr/local/bin:/usr/bin:/bin:/usr/sbin:/sbin:/usr/local/Cellar/go@1.12/1.12.13/bin:/usr/local/Cellar/go@1.12/1.12.13/libexec/bin

Yarn version: 
  1.17.3

Node version: 
  10.16.3

Platform: 
  darwin x64

Trace: 
  Error: https://registry.yarnpkg.com/@accounts%2fdatabase-tests: Not found
      at Request.params.callback [as _callback] (/usr/local/lib/node_modules/yarn/lib/cli.js:66830:18)
      at Request.self.callback (/usr/local/lib/node_modules/yarn/lib/cli.js:140464:22)
      at Request.emit (events.js:198:13)
      at Request.<anonymous> (/usr/local/lib/node_modules/yarn/lib/cli.js:141436:10)
      at Request.emit (events.js:198:13)
      at IncomingMessage.<anonymous> (/usr/local/lib/node_modules/yarn/lib/cli.js:141358:12)
      at Object.onceWrapper (events.js:286:20)
      at IncomingMessage.emit (events.js:203:15)
      at endReadableNT (_stream_readable.js:1145:12)
      at process._tickCallback (internal/process/next_tick.js:63:19)

npm manifest: 
  {
    "name": "@accounts/typeorm",
    "version": "0.20.0",
    "description": "TypeORM adaptor for accounts",
    "main": "lib/index.js",
    "typings": "lib/index.d.ts",
    "scripts": {
      "clean": "rimraf lib",
      "start": "tsc --watch",
      "precompile": "yarn clean",
      "compile": "tsc",
      "prepublishOnly": "yarn compile"
    },
    "files": [
      "src",
      "lib"
    ],
    "jest": {
      "testEnvironment": "node",
      "preset": "ts-jest"
    },
    "repository": {
      "type": "git",
      "url": "https://github.com/accounts-js/accounts/tree/master/packages/database-typeorm"
    },
    "author": "Birkir Gudjonsson <birkir.gudjonsson@gmail.com>",
    "license": "MIT",
    "devDependencies": {
      "@accounts/database-tests": "^0.20.0",
      "@types/jest": "24.0.23",
      "@types/node": "12.12.14",
      "jest": "24.9.0",
      "pg": "7.12.1"
    },
    "dependencies": {
      "@accounts/types": "^0.20.0",
      "lodash": "^4.17.15",
      "reflect-metadata": "^0.1.13",
      "tslib": "1.10.0",
      "typeorm": "^0.2.18"
    }
  }

yarn manifest: 
  No manifest

Lockfile: 
  No lockfile
